<?xml version="1.0" encoding="UTF-8"?>
<coverage generated="1570980047310" clover="3.2.0">
  <project timestamp="1570980047310" name="All files">
    <metrics statements="45" coveredstatements="38" conditionals="19" coveredconditionals="16" methods="12" coveredmethods="9" elements="76" coveredelements="63" complexity="0" loc="45" ncloc="45" packages="1" files="1" classes="1"/>
    <file name="index.js" path="C:\Users\L-14\Desktop\Dev\LIM010-fe-md-links\src\index.js">
      <metrics statements="45" coveredstatements="38" conditionals="19" coveredconditionals="16" methods="12" coveredmethods="9"/>
      <line num="1" count="1" type="stmt"/>
      <line num="2" count="1" type="stmt"/>
      <line num="5" count="1" type="stmt"/>
      <line num="6" count="1" type="stmt"/>
      <line num="7" count="9" type="stmt"/>
      <line num="9" count="1" type="stmt"/>
      <line num="10" count="10" type="stmt"/>
      <line num="11" count="10" type="cond" truecount="4" falsecount="0"/>
      <line num="12" count="5" type="stmt"/>
      <line num="14" count="5" type="cond" truecount="2" falsecount="0"/>
      <line num="15" count="2" type="stmt"/>
      <line num="17" count="3" type="stmt"/>
      <line num="20" count="1" type="cond" truecount="1" falsecount="0"/>
      <line num="21" count="4" type="cond" truecount="2" falsecount="0"/>
      <line num="22" count="2" type="stmt"/>
      <line num="24" count="4" type="cond" truecount="2" falsecount="0"/>
      <line num="25" count="1" type="stmt"/>
      <line num="26" count="1" type="stmt"/>
      <line num="27" count="3" type="stmt"/>
      <line num="28" count="3" type="stmt"/>
      <line num="31" count="4" type="stmt"/>
      <line num="33" count="1" type="stmt"/>
      <line num="34" count="1" type="stmt"/>
      <line num="35" count="1" type="stmt"/>
      <line num="36" count="1" type="stmt"/>
      <line num="37" count="1" type="stmt"/>
      <line num="38" count="1" type="stmt"/>
      <line num="39" count="2" type="stmt"/>
      <line num="40" count="2" type="stmt"/>
      <line num="41" count="2" type="cond" truecount="2" falsecount="0"/>
      <line num="42" count="1" type="stmt"/>
      <line num="43" count="2" type="cond" truecount="1" falsecount="1"/>
      <line num="44" count="2" type="cond" truecount="2" falsecount="0"/>
      <line num="45" count="2" type="stmt"/>
      <line num="46" count="2" type="stmt"/>
      <line num="50" count="1" type="stmt"/>
      <line num="52" count="1" type="stmt"/>
      <line num="53" count="0" type="stmt"/>
      <line num="54" count="0" type="cond" truecount="0" falsecount="2"/>
      <line num="57" count="0" type="stmt"/>
      <line num="59" count="0" type="stmt"/>
      <line num="61" count="0" type="stmt"/>
      <line num="70" count="0" type="stmt"/>
      <line num="72" count="0" type="stmt"/>
      <line num="123" count="1" type="stmt"/>
    </file>
  </project>
</coverage>
