{"C:\\Users\\L-14\\Desktop\\Dev\\LIM010-fe-md-links\\src\\index.js": {"path":"C:\\Users\\L-14\\Desktop\\Dev\\LIM010-fe-md-links\\src\\index.js","statementMap":{"0":{"start":{"line":1,"column":13},"end":{"line":1,"column":28}},"1":{"start":{"line":2,"column":11},"end":{"line":2,"column":24}},"2":{"start":{"line":5,"column":19},"end":{"line":5,"column":50}},"3":{"start":{"line":5,"column":30},"end":{"line":5,"column":50}},"4":{"start":{"line":6,"column":21},"end":{"line":6,"column":51}},"5":{"start":{"line":6,"column":32},"end":{"line":6,"column":51}},"6":{"start":{"line":7,"column":22},"end":{"line":7,"column":52}},"7":{"start":{"line":7,"column":33},"end":{"line":7,"column":52}},"8":{"start":{"line":9,"column":17},"end":{"line":18,"column":1}},"9":{"start":{"line":10,"column":19},"end":{"line":10,"column":40}},"10":{"start":{"line":11,"column":2},"end":{"line":13,"column":3}},"11":{"start":{"line":12,"column":4},"end":{"line":12,"column":16}},"12":{"start":{"line":14,"column":2},"end":{"line":16,"column":3}},"13":{"start":{"line":15,"column":4},"end":{"line":15,"column":17}},"14":{"start":{"line":17,"column":2},"end":{"line":17,"column":14}},"15":{"start":{"line":20,"column":23},"end":{"line":32,"column":1}},"16":{"start":{"line":21,"column":2},"end":{"line":23,"column":3}},"17":{"start":{"line":22,"column":4},"end":{"line":22,"column":28}},"18":{"start":{"line":24,"column":2},"end":{"line":30,"column":3}},"19":{"start":{"line":25,"column":21},"end":{"line":25,"column":41}},"20":{"start":{"line":26,"column":4},"end":{"line":29,"column":7}},"21":{"start":{"line":27,"column":22},"end":{"line":27,"column":40}},"22":{"start":{"line":28,"column":6},"end":{"line":28,"column":44}},"23":{"start":{"line":31,"column":2},"end":{"line":31,"column":22}},"24":{"start":{"line":33,"column":20},"end":{"line":51,"column":1}},"25":{"start":{"line":34,"column":23},"end":{"line":34,"column":71}},"26":{"start":{"line":35,"column":21},"end":{"line":35,"column":40}},"27":{"start":{"line":36,"column":21},"end":{"line":36,"column":68}},"28":{"start":{"line":37,"column":12},"end":{"line":37,"column":14}},"29":{"start":{"line":38,"column":2},"end":{"line":49,"column":5}},"30":{"start":{"line":39,"column":16},"end":{"line":39,"column":45}},"31":{"start":{"line":40,"column":20},"end":{"line":40,"column":43}},"32":{"start":{"line":41,"column":4},"end":{"line":48,"column":5}},"33":{"start":{"line":42,"column":6},"end":{"line":47,"column":9}},"34":{"start":{"line":43,"column":27},"end":{"line":43,"column":85}},"35":{"start":{"line":44,"column":8},"end":{"line":44,"column":103}},"36":{"start":{"line":45,"column":27},"end":{"line":45,"column":51}},"37":{"start":{"line":46,"column":8},"end":{"line":46,"column":66}},"38":{"start":{"line":50,"column":2},"end":{"line":50,"column":13}},"39":{"start":{"line":52,"column":16},"end":{"line":73,"column":2}},"40":{"start":{"line":52,"column":43},"end":{"line":73,"column":2}},"41":{"start":{"line":53,"column":15},"end":{"line":53,"column":56}},"42":{"start":{"line":54,"column":2},"end":{"line":71,"column":3}},"43":{"start":{"line":57,"column":18},"end":{"line":62,"column":6}},"44":{"start":{"line":59,"column":6},"end":{"line":59,"column":24}},"45":{"start":{"line":61,"column":6},"end":{"line":61,"column":21}},"46":{"start":{"line":70,"column":4},"end":{"line":70,"column":19}},"47":{"start":{"line":72,"column":2},"end":{"line":72,"column":16}},"48":{"start":{"line":123,"column":0},"end":{"line":131,"column":2}}},"fnMap":{"0":{"name":"(anonymous_0)","decl":{"start":{"line":5,"column":19},"end":{"line":5,"column":20}},"loc":{"start":{"line":5,"column":30},"end":{"line":5,"column":50}},"line":5},"1":{"name":"(anonymous_1)","decl":{"start":{"line":6,"column":21},"end":{"line":6,"column":22}},"loc":{"start":{"line":6,"column":32},"end":{"line":6,"column":51}},"line":6},"2":{"name":"(anonymous_2)","decl":{"start":{"line":7,"column":22},"end":{"line":7,"column":23}},"loc":{"start":{"line":7,"column":33},"end":{"line":7,"column":52}},"line":7},"3":{"name":"(anonymous_3)","decl":{"start":{"line":9,"column":17},"end":{"line":9,"column":18}},"loc":{"start":{"line":9,"column":30},"end":{"line":18,"column":1}},"line":9},"4":{"name":"(anonymous_4)","decl":{"start":{"line":20,"column":23},"end":{"line":20,"column":24}},"loc":{"start":{"line":20,"column":52},"end":{"line":32,"column":1}},"line":20},"5":{"name":"(anonymous_5)","decl":{"start":{"line":26,"column":21},"end":{"line":26,"column":22}},"loc":{"start":{"line":26,"column":31},"end":{"line":29,"column":5}},"line":26},"6":{"name":"(anonymous_6)","decl":{"start":{"line":33,"column":20},"end":{"line":33,"column":21}},"loc":{"start":{"line":33,"column":30},"end":{"line":51,"column":1}},"line":33},"7":{"name":"(anonymous_7)","decl":{"start":{"line":38,"column":15},"end":{"line":38,"column":16}},"loc":{"start":{"line":38,"column":25},"end":{"line":49,"column":3}},"line":38},"8":{"name":"(anonymous_8)","decl":{"start":{"line":42,"column":24},"end":{"line":42,"column":25}},"loc":{"start":{"line":42,"column":36},"end":{"line":47,"column":7}},"line":42},"9":{"name":"(anonymous_9)","decl":{"start":{"line":52,"column":16},"end":{"line":52,"column":17}},"loc":{"start":{"line":52,"column":43},"end":{"line":73,"column":2}},"line":52},"10":{"name":"(anonymous_10)","decl":{"start":{"line":52,"column":55},"end":{"line":52,"column":56}},"loc":{"start":{"line":52,"column":68},"end":{"line":73,"column":1}},"line":52},"11":{"name":"(anonymous_11)","decl":{"start":{"line":57,"column":27},"end":{"line":57,"column":28}},"loc":{"start":{"line":57,"column":37},"end":{"line":62,"column":5}},"line":57}},"branchMap":{"0":{"loc":{"start":{"line":11,"column":2},"end":{"line":13,"column":3}},"type":"if","locations":[{"start":{"line":11,"column":2},"end":{"line":13,"column":3}},{"start":{"line":11,"column":2},"end":{"line":13,"column":3}}],"line":11},"1":{"loc":{"start":{"line":11,"column":6},"end":{"line":11,"column":61}},"type":"binary-expr","locations":[{"start":{"line":11,"column":6},"end":{"line":11,"column":23}},{"start":{"line":11,"column":28},"end":{"line":11,"column":60}}],"line":11},"2":{"loc":{"start":{"line":14,"column":2},"end":{"line":16,"column":3}},"type":"if","locations":[{"start":{"line":14,"column":2},"end":{"line":16,"column":3}},{"start":{"line":14,"column":2},"end":{"line":16,"column":3}}],"line":14},"3":{"loc":{"start":{"line":20,"column":30},"end":{"line":20,"column":47}},"type":"default-arg","locations":[{"start":{"line":20,"column":45},"end":{"line":20,"column":47}}],"line":20},"4":{"loc":{"start":{"line":21,"column":2},"end":{"line":23,"column":3}},"type":"if","locations":[{"start":{"line":21,"column":2},"end":{"line":23,"column":3}},{"start":{"line":21,"column":2},"end":{"line":23,"column":3}}],"line":21},"5":{"loc":{"start":{"line":24,"column":2},"end":{"line":30,"column":3}},"type":"if","locations":[{"start":{"line":24,"column":2},"end":{"line":30,"column":3}},{"start":{"line":24,"column":2},"end":{"line":30,"column":3}}],"line":24},"6":{"loc":{"start":{"line":41,"column":4},"end":{"line":48,"column":5}},"type":"if","locations":[{"start":{"line":41,"column":4},"end":{"line":48,"column":5}},{"start":{"line":41,"column":4},"end":{"line":48,"column":5}}],"line":41},"7":{"loc":{"start":{"line":43,"column":27},"end":{"line":43,"column":85}},"type":"cond-expr","locations":[{"start":{"line":43,"column":54},"end":{"line":43,"column":78}},{"start":{"line":43,"column":81},"end":{"line":43,"column":85}}],"line":43},"8":{"loc":{"start":{"line":44,"column":24},"end":{"line":44,"column":102}},"type":"cond-expr","locations":[{"start":{"line":44,"column":52},"end":{"line":44,"column":86}},{"start":{"line":44,"column":89},"end":{"line":44,"column":102}}],"line":44},"9":{"loc":{"start":{"line":54,"column":2},"end":{"line":71,"column":3}},"type":"if","locations":[{"start":{"line":54,"column":2},"end":{"line":71,"column":3}},{"start":{"line":54,"column":2},"end":{"line":71,"column":3}}],"line":54}},"s":{"0":1,"1":1,"2":1,"3":1,"4":1,"5":1,"6":1,"7":9,"8":1,"9":10,"10":10,"11":5,"12":5,"13":2,"14":3,"15":1,"16":4,"17":2,"18":4,"19":1,"20":1,"21":3,"22":3,"23":4,"24":1,"25":1,"26":1,"27":1,"28":1,"29":1,"30":2,"31":2,"32":2,"33":1,"34":2,"35":2,"36":2,"37":2,"38":1,"39":1,"40":0,"41":0,"42":0,"43":0,"44":0,"45":0,"46":0,"47":0,"48":1},"f":{"0":1,"1":1,"2":9,"3":10,"4":4,"5":3,"6":1,"7":2,"8":2,"9":0,"10":0,"11":0},"b":{"0":[5,5],"1":[10,8],"2":[2,3],"3":[1],"4":[2,2],"5":[1,3],"6":[1,1],"7":[2,0],"8":[1,1],"9":[0,0]},"_coverageSchema":"43e27e138ebf9cfc5966b082cf9a028302ed4184","hash":"7379a70a4fdf0722a8992f3b6374ecac1902b38e"}
}
