TN:
SF:C:\Users\L-14\Desktop\Dev\LIM010-fe-md-links\src\index.js
FN:5,(anonymous_0)
FN:6,(anonymous_1)
FN:7,(anonymous_2)
FN:9,(anonymous_3)
FN:20,(anonymous_4)
FN:26,(anonymous_5)
FN:33,(anonymous_6)
FN:38,(anonymous_7)
FN:42,(anonymous_8)
FN:52,(anonymous_9)
FN:52,(anonymous_10)
FN:57,(anonymous_11)
FNF:12
FNH:9
FNDA:1,(anonymous_0)
FNDA:1,(anonymous_1)
FNDA:9,(anonymous_2)
FNDA:10,(anonymous_3)
FNDA:4,(anonymous_4)
FNDA:3,(anonymous_5)
FNDA:1,(anonymous_6)
FNDA:2,(anonymous_7)
FNDA:2,(anonymous_8)
FNDA:0,(anonymous_9)
FNDA:0,(anonymous_10)
FNDA:0,(anonymous_11)
DA:1,1
DA:2,1
DA:5,1
DA:6,1
DA:7,9
DA:9,1
DA:10,10
DA:11,10
DA:12,5
DA:14,5
DA:15,2
DA:17,3
DA:20,1
DA:21,4
DA:22,2
DA:24,4
DA:25,1
DA:26,1
DA:27,3
DA:28,3
DA:31,4
DA:33,1
DA:34,1
DA:35,1
DA:36,1
DA:37,1
DA:38,1
DA:39,2
DA:40,2
DA:41,2
DA:42,1
DA:43,2
DA:44,2
DA:45,2
DA:46,2
DA:50,1
DA:52,1
DA:53,0
DA:54,0
DA:57,0
DA:59,0
DA:61,0
DA:70,0
DA:72,0
DA:123,1
LF:45
LH:38
BRDA:11,0,0,5
BRDA:11,0,1,5
BRDA:11,1,0,10
BRDA:11,1,1,8
BRDA:14,2,0,2
BRDA:14,2,1,3
BRDA:20,3,0,1
BRDA:21,4,0,2
BRDA:21,4,1,2
BRDA:24,5,0,1
BRDA:24,5,1,3
BRDA:41,6,0,1
BRDA:41,6,1,1
BRDA:43,7,0,2
BRDA:43,7,1,0
BRDA:44,8,0,1
BRDA:44,8,1,1
BRDA:54,9,0,0
BRDA:54,9,1,0
BRF:19
BRH:16
end_of_record
